2025-10-31 16:16:21,068 DEBUG    root            Loaded Command Group: ['gcloud', 'config']
2025-10-31 16:16:21,072 DEBUG    root            Loaded Command Group: ['gcloud', 'config', 'config_helper']
2025-10-31 16:16:21,076 DEBUG    root            Running [gcloud.config.config-helper] with arguments: [--format: "json", --min-expiry: "1800"]
2025-10-31 16:16:21,106 DEBUG    root            Chosen display Format:default json
2025-10-31 16:16:21,107 INFO     root            Display format: "default json"
2025-10-31 16:16:21,191 INFO     ___FILE_ONLY___ {
  "configuration": {
    "active_configuration": "default",
    "properties": {
      "compute": {
        "region": "us-central1"
      },
      "core": {
        "account": "1066832379059-compute@developer.gserviceaccount.com",
        "disable_usage_reporting": "True",
        "project": "caramel-element-473616-v5"
      },
      "dataproc": {
        "region": "us-central1"
      }
    }
  },
  "credential": {
    "access_token": "ya29.c.c0ASRK0GbQm72DOPGGTFpt30QlNPWgzqw2IgrXiCXuHiyKkJT8zHmfgam8sm8LomTN_ZO10DQGmAjmEe5wFd1ZUiE6H8Al64_3ezk8jSOBavWX5c0v4sdOyxfDIq9afFBKSmVJg2PVWn-Jdq3s5kqmuKHYyplzY7Cpn2yK8uZXYV8fTHUYMZPBXFetBAaE714ZlrhS-eLIwp5Dvip-Qq3Opsezv0v8knYeuBnrDAzJ6PXmdhaPFOMEdooEJ3yN9bdO2amwhipFaGS6L0R1wxL0hrFnJ50Q08HwQjqgohcLudeflIRSY9tOyW3gUUrjpfTMXtOorxBTgVipb-kN8t-PwZ2H3eDRdBIlqse3DaUS8gK64pzbTfrdHlndKqDSfDv8pVozQzQqdZZ-KXGT8JnFFQT415DY1yO_ol_Wt3BtXrv6QcmR3rd10b2B_Rx3qkm4yXomYsY0BamuwtMZmpyq6fnOjzW6zQxYz3kty2ZSW5Sy7mgyBIa1YX56iq4xy49ZjMwlXYpmbst_bVtxcaZ-dmVJ2Q2wxZwaSwSO4sscFkJ8Zlpm7mndWmjnJ1ZRoXoRZ0z9RYZU1Y461yt3sllS7iXIokyk3v5B_nwih38iumv-ZS4b6OixjebvU3j0flurdSqsk1sQFBYxdsbiXbzJ719kzayViyVvFe_nxBd5dhwOgpBRd6Oh5bVXdZ1mtf-6faQkhRFefh3mreJnq_iqe8i8JQRUMuWnUR-WBoqvuvjOFcjfnW9QY90UJmsdfuZxMoxF26qhO_YX41Q9s0l5J0kmqtWy5Bg75_F4bbQkJwozapM1i58MI_dq0_8iUruY27-F7z9pgaz4tkRBd-Rf6Uw3VSUcgpzMdq_rlmWVZqroI9Zxd6k1jzeFX82yxqRlp68aclmia6x_aZ-pXgOfYiJ2y--qX01n-y--JQjtBuSebdWZRYWI0FxI9Y0Mw6Bkoj3V1eVtcBBMU_8R1QMMi4X8B7ckjh2Bfl5USmWd-11vw4zWyoo35eb",
    "id_token": "eyJhbGciOiJSUzI1NiIsImtpZCI6Ijg4NDg5MjEyMmUyOTM5ZmQxZjMxMzc1YjJiMzYzZWM4MTU3MjNiYmIiLCJ0eXAiOiJKV1QifQ.eyJhdWQiOiIzMjU1NTk0MDU1OS5hcHBzLmdvb2dsZXVzZXJjb250ZW50LmNvbSIsImF6cCI6IjEwMDMxMTI1NDI3MzA2MDcwOTQwNSIsImV4cCI6MTc2MTkzMDE4MCwiaWF0IjoxNzYxOTI2NTgwLCJpc3MiOiJodHRwczovL2FjY291bnRzLmdvb2dsZS5jb20iLCJzdWIiOiIxMDAzMTEyNTQyNzMwNjA3MDk0MDUifQ.VC4J_L-qsLAD2tLxbfIxQtUB9AbjP-6Ay8zQsnireOOpM5ffPKmQl_7pKv8otG5GUZBlPZU9poiRDphHVO3hB2MQRYJnRaUnLAHfkoN7-1WRto1i-tBSUb1fzqC24QyxUwUiQS7LbetutyWkdrMo4GtxE5k2Nu2gPjGBQcRtDNifd1mQbuVR6V9JhgtOR3kv3MvNeCXZPuqePIDBk4QBlbDCyHE-ul23r6-H1-EE6llEebYrB2OxabLXVJLTGDC9ZDEdrWOBLjO4tKSsNvpQ-DxcPPqgieUCihuemglcKeiOqj-Pdr9Yz41m0repW3yz1C3HoS5oLE45SRckZumVCg",
    "token_expiry": "2025-10-31T17:02:54Z"
  },
  "sentinels": {
    "config_sentinel": "/home/jupyter/.config/gcloud/config_sentinel"
  }
}
2025-10-31 16:16:21,192 INFO     ___FILE_ONLY___ 

2025-10-31 16:16:21,208 DEBUG    root            SDK update checks are disabled.
