2025-11-16 15:15:19,172 DEBUG    root            Loaded Command Group: ['gcloud', 'config']
2025-11-16 15:15:19,174 DEBUG    root            Loaded Command Group: ['gcloud', 'config', 'config_helper']
2025-11-16 15:15:19,177 DEBUG    root            Running [gcloud.config.config-helper] with arguments: [--format: "json", --min-expiry: "1800"]
2025-11-16 15:15:19,196 DEBUG    root            Chosen display Format:default json
2025-11-16 15:15:19,197 INFO     root            Display format: "default json"
2025-11-16 15:15:19,240 INFO     ___FILE_ONLY___ {
  "configuration": {
    "active_configuration": "default",
    "properties": {
      "compute": {
        "region": "us-central1"
      },
      "core": {
        "account": "1066832379059-compute@developer.gserviceaccount.com",
        "disable_usage_reporting": "True",
        "project": "caramel-element-473616-v5"
      },
      "dataproc": {
        "region": "us-central1"
      }
    }
  },
  "credential": {
    "access_token": "ya29.c.c0ASRK0GZR4eJj5UhSbw50YV4MUkLLuSje0KwbIegLY03KyhHL7kFFWJPaMvI6uLjc7Y7HnobiNut3cQzFANr25OW3uOcohVID4Vh4rUTjAYS_4jFrQatPR9owVz2ZGltGaj1M3EcIpWRp_VkA-JrLJUHrWWbNcynrgH05qZvRCLHRVbk2g_LClEy3iWDFgtG37LW-BPDK9aV7roOAPcC1mDZp55qXoNjQyMLutjrfoeannPK8XOCQYZu0QA-81TdzcywSEB-lGuFfbHPUZxD2_k9U-xkwtzzUzgTGoSnWVbMej9F3M78mzFFyTKd0DowMx0PfcWNRqXAiZPJO9NM47wSQAOIealXpYVoZ9r4lAuQAirhZoT703jLkIiYQox3RawokCXxuHBZECrzxgzVvT413De84QY1uhhfaRaZzfO49WBnrd2Wca2XRluobMhIUluJvOSYzR72zVQh1xiRupMMSWa57tQSV67wQ1nhS1r1OXv0xe0qSldnIRvZfBJSyZ24utM-bUQ9Q1ofwJ6fdzZ3ajdgkr-SRFqWfcWwwl17Wsqzhm2w589lWRdBwcbFzw-7QX0tSF4Zoxr9hq8RF-mfsuoQ70Ss2Oju9JU6IBoJlkiFg42vhxB3S7tk12_j1cmlZ66kWM3oyBOJQk51dtrUlJaWkvcZM_kaMkUSxsqRopIn9cBBO3aSuaaohhmVfef7q9bB0Spw7B4oRapgg9l1p6pJdhXv40QlVVyajS408Jm1VywXjOre6JRVnr990heQpng9ynR8rOlzBUFJtpvkBna3RmJjkOQm0s8rJns1OrJUkIdul6f664sQpBRq4nUMfFgSV2hZissMqr47_wobrUskb0vdRvYSfgJ5JvO7Ynm3oWS_l59IhIbY3QfdQ94oII6i1zpS8vgic9w4U2aesjSadFInU7c5aJ0-1u8qjtZrcOSpjh_nqwsbb7ffws0vo0Utr9jyVr8ZVVmnvUxVeglW8x-2ta7xd-fbsdIhxc0O6XO2jy17",
    "id_token": "eyJhbGciOiJSUzI1NiIsImtpZCI6IjRmZWI0NGYwZjdhN2UyN2M3YzQwMzM3OWFmZjIwYWY1YzhjZjUyZGMiLCJ0eXAiOiJKV1QifQ.eyJhdWQiOiIzMjU1NTk0MDU1OS5hcHBzLmdvb2dsZXVzZXJjb250ZW50LmNvbSIsImF6cCI6IjEwMDMxMTI1NDI3MzA2MDcwOTQwNSIsImV4cCI6MTc2MzMwOTQ2OCwiaWF0IjoxNzYzMzA1ODY4LCJpc3MiOiJodHRwczovL2FjY291bnRzLmdvb2dsZS5jb20iLCJzdWIiOiIxMDAzMTEyNTQyNzMwNjA3MDk0MDUifQ.XZ-urRTl1_zGryjbY484kXx5VuqknV10dHDGFU5zNDqiD9BpwrfK-_AsdhjQYvoZC2O3vjOCksJJq-0f1PROx_jFCOdfFHxdt3Uw9QgGUJ2Ea3yZrK19bEEcYJmPpxR2TCw0JMX73-zwyV3OuYHnWhV9asUH0JepPRr6qInnNiX_ZJ-i8_mwdO-SYcz2niMuy493mDD6YCmERO9SryjTQTbTQvoxqQKj72uYVj--0UFZHhTQba51oqd7cr0YzpBydp-c0kEyHZCLSrP3TNJyDu1iOrSY2a8pUNuq2vcujBzM8D3JQRG1P8MpGUhhEl0KFfXYtGATTzpkt6MXbcuzpQ",
    "token_expiry": "2025-11-16T16:10:42Z"
  },
  "sentinels": {
    "config_sentinel": "/home/jupyter/.config/gcloud/config_sentinel"
  }
}
2025-11-16 15:15:19,240 INFO     ___FILE_ONLY___ 

2025-11-16 15:15:19,249 DEBUG    root            SDK update checks are disabled.
