2025-11-16 18:05:24,115 DEBUG    root            Loaded Command Group: ['gcloud', 'config']
2025-11-16 18:05:24,119 DEBUG    root            Loaded Command Group: ['gcloud', 'config', 'config_helper']
2025-11-16 18:05:24,124 DEBUG    root            Running [gcloud.config.config-helper] with arguments: [--format: "json", --min-expiry: "1800"]
2025-11-16 18:05:24,189 DEBUG    google.auth.transport.requests Making request: GET http://metadata.google.internal/computeMetadata/v1/instance/service-accounts/1066832379059-compute@developer.gserviceaccount.com/?recursive=true
2025-11-16 18:05:24,192 DEBUG    urllib3.connectionpool Starting new HTTP connection (1): metadata.google.internal:80
2025-11-16 18:05:24,195 DEBUG    urllib3.connectionpool http://metadata.google.internal:80 "GET /computeMetadata/v1/instance/service-accounts/1066832379059-compute@developer.gserviceaccount.com/?recursive=true HTTP/11" 200 156
2025-11-16 18:05:24,196 DEBUG    google.auth.transport.requests Making request: GET http://metadata.google.internal/computeMetadata/v1/instance/service-accounts/1066832379059-compute@developer.gserviceaccount.com/token
2025-11-16 18:05:24,199 DEBUG    urllib3.connectionpool http://metadata.google.internal:80 "GET /computeMetadata/v1/instance/service-accounts/1066832379059-compute@developer.gserviceaccount.com/token HTTP/11" 200 869
2025-11-16 18:05:24,217 DEBUG    root            Chosen display Format:default json
2025-11-16 18:05:24,218 INFO     root            Display format: "default json"
2025-11-16 18:05:24,264 INFO     ___FILE_ONLY___ {
  "configuration": {
    "active_configuration": "default",
    "properties": {
      "compute": {
        "region": "us-central1"
      },
      "core": {
        "account": "1066832379059-compute@developer.gserviceaccount.com",
        "disable_usage_reporting": "True",
        "project": "caramel-element-473616-v5"
      },
      "dataproc": {
        "region": "us-central1"
      }
    }
  },
  "credential": {
    "access_token": "ya29.c.c0ASRK0GYS3kwefRwgx_j2-HguOqHxZ_gJX_OM2cYweOK48CuP4Pr5bYPT7AVj9eSTkxzfEf3JcCZx6hGaian3odEmfy3CLngHzFl59Ny0o3WlebkbJBU168kT3hhndtlWf_LvV7-287wTYC_-FgF2leakLgG17kqJuppcLG-hhpLnpIE0bUM4A7KQ0hgA2JWoc3egDJ799t2jyRXHTFT1egdP46Ko87UPHute2torsFg5MwHmyLcfeaT6L4XxxxIGYtg5ap-WVFNQ20sy-awrxkFvD0-AbN9QeWXnZmC-gONM_Kbj92xMcK2mHjABjT3RsulWgvNAwSjNkpQ886uzMhGwHzIh6pRqx4reNPRV-L5Mxo_2gSbhkva45am0_Ms3A7B6tMh5LDowvyI5bisuG413Pj7BJVm2_XBcz5BQc_8UnB10-41pqo88QQRFxW_yRxkSwQXittcuW_Sucai8itjYh7yOSpx4d240trI8_9d-Y-fzOMt8aId4nByfRSJo2JZ_7oijUV8_YetitFy1WyI3pVtVhpz_el1wQZ6_hunlBwbJbwmIacFgBO7b8df0ikac136ecowso-xl6kt8sovux5irSwqvsc32Ot3R8kd8QW-fsp5ccohugik73uka33u91O2Ivl23yhXvXnhRmjFj5rS4rfWSX30--phw8zM206FxWo84Fn_3UUQvukSRFfb49z6sYpm5OnI7gpW3zx1sR1urg9Y0y15VgS4ge9ojZWWtx63qjgIyzUa9-877w9dXyF19_flqYldy131gRXmpm2g73hXSJWl6Y9g6nUklMBIniWrjlxpm_MxgoiaXrania6uS1MkIxdafSa3-Vvt8SU0Ztcssvsc-Sv8iaxcOQZQ_Rz5Z-a8OVSaeXo57vuOXRcgxq1iWf7tfJjXjsteqFU_g1kMot84uIYc5RShyq6xhgO5hc2frRJUf_lSi3OVUo-h6shjOc82xOXgr22V7sBIZk66WOv9kkQrzc93SrgJ0YkUOakp",
    "id_token": "eyJhbGciOiJSUzI1NiIsImtpZCI6IjRmZWI0NGYwZjdhN2UyN2M3YzQwMzM3OWFmZjIwYWY1YzhjZjUyZGMiLCJ0eXAiOiJKV1QifQ.eyJhdWQiOiIzMjU1NTk0MDU1OS5hcHBzLmdvb2dsZXVzZXJjb250ZW50LmNvbSIsImF6cCI6IjEwMDMxMTI1NDI3MzA2MDcwOTQwNSIsImV4cCI6MTc2MzMxOTkyMywiaWF0IjoxNzYzMzE2MzIzLCJpc3MiOiJodHRwczovL2FjY291bnRzLmdvb2dsZS5jb20iLCJzdWIiOiIxMDAzMTEyNTQyNzMwNjA3MDk0MDUifQ.Dr7UbHp5oauz_xESbjdPw3XITYo6rXLegXBso9QBXir00ITU9oqBT1DnG33tPBOyS8-Upg-WeZ8DxjIt6to7UmPIVACwauoLOJcaRgr85ryKppFiT2u_Ae88sr7DX4aXzZPRLovQSpenJj8dMbQ-hsUXHCIBZdsaoQ-yadma5ycMsY-SQCcurWJrOA0fnJjHd_VKZmUS2zv-CwacUgxIaxsys27fBI94q0cBLtpGZOr0ElZkxHz9OYEJZIpQTr-oeARiuROjnFYsIXezaRsSp-tlzGkHP6Vcvfh6upIcPVIvGBTlKRvhI73vyEfktbbG2bdAkx_i22ggtWiGstpIkw",
    "token_expiry": "2025-11-16T18:11:08Z"
  },
  "sentinels": {
    "config_sentinel": "/home/jupyter/.config/gcloud/config_sentinel"
  }
}
2025-11-16 18:05:24,264 INFO     ___FILE_ONLY___ 

2025-11-16 18:05:24,273 DEBUG    root            SDK update checks are disabled.
