2025-10-29 19:15:29,346 DEBUG    root            Loaded Command Group: ['gcloud', 'config']
2025-10-29 19:15:29,351 DEBUG    root            Loaded Command Group: ['gcloud', 'config', 'config_helper']
2025-10-29 19:15:29,352 DEBUG    root            Running [gcloud.config.config-helper] with arguments: [--format: "json", --min-expiry: "1800"]
2025-10-29 19:15:29,365 DEBUG    root            Chosen display Format:default json
2025-10-29 19:15:29,365 INFO     root            Display format: "default json"
2025-10-29 19:15:29,430 INFO     ___FILE_ONLY___ {
  "configuration": {
    "active_configuration": "default",
    "properties": {
      "compute": {
        "region": "us-central1"
      },
      "core": {
        "account": "1066832379059-compute@developer.gserviceaccount.com",
        "disable_usage_reporting": "True",
        "project": "caramel-element-473616-v5"
      },
      "dataproc": {
        "region": "us-central1"
      }
    }
  },
  "credential": {
    "access_token": "ya29.c.c0ASRK0GZeAOHQN3ui5wTcJ1r0jvSJPkAdN_UCzn532QFj-qpd674Dd17lhm4K7wxDrITAGB2yNwu4uAifIJX3X3Qng42j2geX3d0LEdtfH6dbcr1inmrUeKKF6KVkgtupyKub_SH319IFxBxBmATfDMqFBsSdnAbyJjZJR1fwgRngOPbxytRvy23odXmHweTdREW2HGjEJQWyGu3iWf_D4yfS_bPIUBATwJjxyjpizWlbFsJQy6SJskLKp7Qs_YYPkbp1szSRzcNOrQ5LNJLxYDfCpDTkQ_5DSivBAdbSWmC70_LDETmwcoIFVOx2tguwDC_q9gx4oW2hHGEZdKEqktd1oW2i5EITQEaQmkp1qLrPEzXdthFwqZYszdUxqkyqERK0VZUS7LglDCWvYbWrmgT415Cz09u0wlvBmjtBezt9nrVe0e79moSgar4wgOM3aYRuRYc_ShfbbsUeh84BdgB9lYvJkWMtm_f5kfZmmq0j-JIBYBVrX-4sbV5zws4B5g-5UZ7tlMwmgRmq5M10Xz2ZJthpt_ujsfssQl8imfpkae4uWMRbO5wUtuB8e5bXeVkbdYOkddR4entu1puxjYM8fxczxiQc6e1YSfSybvkVtouM1osdigpJloirtnO0xQB2cYlZk0JgVWQfXoZ-1wez4ftx2BFUunioe3xMnkxnfOOfwch_hw4BjMiRtJ1W5hWWUwcs8tn7tc4eMvhc0-Xjb5mYfswQk33r0ymVuJS8SvSXmoIXgOFbW_mJ22noS60WjYqxg5-eO3ilxRpz3v7qYrwcVOdjFm8iY2tMrge_6_13xeoyh57bsOdybVrMZxkBk7V4oM-XfYzw9__Rng1ezvZVfb7UhUgY11M7-j6Sr3u_odcl5BB75uOJiy7QVt38uk_gc48aitsM74eSZW78B86boj6FiZu3tgXWsMi4oIs1e_y-p3qr8Sj_rJOVUr3jIn05bjukJzmo_nZzjn84n0Uc0gWSYQdO644W6aSn_ym1J27ctcO",
    "id_token": "eyJhbGciOiJSUzI1NiIsImtpZCI6Ijg4NDg5MjEyMmUyOTM5ZmQxZjMxMzc1YjJiMzYzZWM4MTU3MjNiYmIiLCJ0eXAiOiJKV1QifQ.eyJhdWQiOiIzMjU1NTk0MDU1OS5hcHBzLmdvb2dsZXVzZXJjb250ZW50LmNvbSIsImF6cCI6IjEwMDMxMTI1NDI3MzA2MDcwOTQwNSIsImV4cCI6MTc2MTc2ODg5OCwiaWF0IjoxNzYxNzY1Mjk4LCJpc3MiOiJodHRwczovL2FjY291bnRzLmdvb2dsZS5jb20iLCJzdWIiOiIxMDAzMTEyNTQyNzMwNjA3MDk0MDUifQ.mWcdRrOywg_D7_SdLXVk2GuMOUPHZBToo7x-jupaAMqQYubq4d_WOO_7RJI-DnEIWxF5FYHD2kSGfe8FfNsDS2ViCkQtQRirPggPxZIrn_jW1ucoSkRSfzW3mISLxT4VqhGkYf2XHLls1BUKDzAqq70sU8IiAzZ15yLsW9L36iQ8-rCwgPpiC11nAIsVsRi_FAABAoQz63rFCPzhcruXohBLONnL2ue5hpRSc5q0698ZO8r44HIjPRp0sS4LkTKziAg_ZldizQ_P5UtBRnEXBM-_-dEAB6BJL-K6BXUwcfZSkyDDWzQs6rm_Cwo3ylbFTx5bKBOYSPJf0ioy6C7-BA",
    "token_expiry": "2025-10-29T20:14:19Z"
  },
  "sentinels": {
    "config_sentinel": "/home/jupyter/.config/gcloud/config_sentinel"
  }
}
2025-10-29 19:15:29,430 INFO     ___FILE_ONLY___ 

2025-10-29 19:15:29,437 DEBUG    root            SDK update checks are disabled.
